{
  "Cucumber Features": {
    "coverage": {
      "/Users/andrew/Documents/Researchly/researchly/app/models/user.rb": {
        "lines": [
          1,
          null,
          null,
          1,
          null,
          1,
          1,
          1,
          null
        ]
      },
      "/Users/andrew/Documents/Researchly/researchly/app/models/application_record.rb": {
        "lines": [
          1,
          1,
          null
        ]
      },
      "/Users/andrew/Documents/Researchly/researchly/app/uploaders/avatar_uploader.rb": {
        "lines": [
          1,
          null,
          null,
          null,
          null,
          null,
          1,
          null,
          null,
          null,
          null,
          1,
          0,
          null,
          null,
          null,
          null,
          null,
          null,
          null,
          null,
          null,
          null,
          null,
          null,
          null,
          null,
          null,
          null,
          null,
          null,
          null,
          null,
          null,
          null,
          null,
          null,
          null,
          null,
          null,
          null,
          null,
          null,
          null,
          null,
          null,
          null
        ]
      },
      "/Users/andrew/Documents/Researchly/researchly/app/models/group.rb": {
        "lines": [
          1,
          1,
          1,
          1,
          null
        ]
      },
      "/Users/andrew/Documents/Researchly/researchly/app/models/membership.rb": {
        "lines": [
          1,
          1,
          1,
          null
        ]
      },
      "/Users/andrew/Documents/Researchly/researchly/app/models/project.rb": {
        "lines": [
          1,
          1,
          null,
          1,
          1,
          null,
          null,
          1,
          1,
          null,
          null,
          null
        ]
      },
      "/Users/andrew/Documents/Researchly/researchly/app/models/deliverable.rb": {
        "lines": [
          1,
          1,
          1,
          null,
          null,
          null
        ]
      },
      "/Users/andrew/Documents/Researchly/researchly/app/controllers/users_controller.rb": {
        "lines": [
          1,
          1,
          1,
          null,
          1,
          0,
          null,
          null,
          null,
          1,
          43,
          43,
          43,
          43,
          43,
          null,
          null,
          1,
          0,
          0,
          null,
          0,
          null,
          null,
          null,
          null,
          null,
          null,
          null,
          null,
          null,
          1,
          0,
          0,
          null,
          null,
          null,
          null,
          null,
          null,
          null,
          null,
          null,
          null,
          null,
          null,
          null,
          null,
          null,
          null,
          null,
          null,
          null,
          1,
          0,
          null,
          0,
          0,
          0,
          null,
          0,
          0,
          null,
          null,
          null,
          null,
          null,
          null,
          null,
          null,
          null,
          null,
          null,
          null,
          null,
          1,
          null,
          1,
          43,
          null,
          null,
          null,
          1,
          0,
          null,
          null,
          1,
          43,
          25,
          null,
          18,
          null,
          null,
          null
        ]
      },
      "/Users/andrew/Documents/Researchly/researchly/app/controllers/application_controller.rb": {
        "lines": [
          1,
          1,
          20,
          null,
          null,
          1,
          null,
          1,
          null,
          1,
          58,
          58,
          58,
          null,
          null
        ]
      },
      "/Users/andrew/Documents/Researchly/researchly/app/helpers/application_helper.rb": {
        "lines": [
          1,
          null
        ]
      },
      "/Users/andrew/Documents/Researchly/researchly/app/helpers/deliverables_helper.rb": {
        "lines": [
          1,
          1,
          3,
          3,
          0,
          null,
          null,
          null,
          null
        ]
      },
      "/Users/andrew/Documents/Researchly/researchly/app/helpers/groups_helper.rb": {
        "lines": [
          1,
          null
        ]
      },
      "/Users/andrew/Documents/Researchly/researchly/app/helpers/projects_helper.rb": {
        "lines": [
          1,
          null
        ]
      },
      "/Users/andrew/Documents/Researchly/researchly/app/helpers/users_helper.rb": {
        "lines": [
          1,
          null
        ]
      },
      "/Users/andrew/Documents/Researchly/researchly/app/helpers/welcome_helper.rb": {
        "lines": [
          1,
          null
        ]
      },
      "/Users/andrew/Documents/Researchly/researchly/app/controllers/groups_controller.rb": {
        "lines": [
          1,
          1,
          null,
          null,
          1,
          22,
          null,
          null,
          null,
          1,
          51,
          51,
          51,
          51,
          51,
          1,
          null,
          null,
          51,
          1,
          null,
          null,
          51,
          51,
          null,
          null,
          null,
          1,
          4,
          null,
          null,
          null,
          1,
          null,
          1,
          8,
          1,
          null,
          7,
          7,
          null,
          null,
          1,
          null,
          6,
          6,
          1,
          5,
          1,
          null,
          4,
          4,
          3,
          3,
          3,
          3,
          null,
          1,
          1,
          1,
          1,
          1,
          1,
          null,
          null,
          null,
          null,
          null,
          1,
          1,
          1,
          1,
          1,
          1,
          1,
          null,
          null,
          null,
          null,
          1,
          1,
          1,
          2,
          1,
          null,
          null,
          null,
          null,
          1,
          2,
          1,
          1,
          null,
          null,
          null,
          1,
          null,
          1,
          1,
          null,
          1,
          9,
          1,
          null,
          1,
          2,
          1,
          null,
          0,
          0,
          null,
          null,
          null,
          null,
          null,
          1,
          4,
          1,
          1,
          3,
          1,
          1,
          null,
          2,
          2,
          2,
          2,
          null,
          null,
          1,
          3,
          3,
          3,
          2,
          2,
          2,
          null,
          1,
          1,
          null,
          null,
          1,
          0,
          null,
          null,
          null,
          null,
          null,
          null,
          null,
          null,
          null,
          null,
          1,
          null,
          1,
          62,
          null,
          null,
          null,
          null,
          1,
          3,
          null,
          null
        ]
      },
      "/Users/andrew/Documents/Researchly/researchly/app/controllers/projects_controller.rb": {
        "lines": [
          1,
          1,
          null,
          null,
          1,
          0,
          null,
          null,
          null,
          1,
          24,
          24,
          24,
          1,
          null,
          23,
          null,
          null,
          null,
          24,
          12,
          null,
          12,
          12,
          12,
          12,
          12,
          null,
          24,
          null,
          null,
          null,
          1,
          4,
          null,
          null,
          null,
          1,
          null,
          null,
          null,
          1,
          2,
          1,
          1,
          null,
          null,
          1,
          null,
          1,
          1,
          2,
          1,
          null,
          0,
          0,
          null,
          null,
          null,
          null,
          null,
          1,
          4,
          1,
          1,
          null,
          null,
          3,
          3,
          3,
          3,
          null,
          null,
          null,
          null,
          1,
          1,
          1,
          2,
          1,
          null,
          null,
          null,
          1,
          null,
          1,
          35,
          null,
          null,
          null,
          1,
          4,
          null,
          null
        ]
      },
      "/Users/andrew/Documents/Researchly/researchly/app/controllers/deliverables_controller.rb": {
        "lines": [
          1,
          1,
          1,
          1,
          1,
          null,
          1,
          0,
          null,
          null,
          null,
          1,
          null,
          null,
          null,
          null,
          null,
          null,
          2,
          2,
          null,
          null,
          null,
          1,
          1,
          null,
          null,
          null,
          null,
          1,
          4,
          null,
          null,
          null,
          1,
          1,
          1,
          1,
          1,
          1,
          1,
          1,
          1,
          1,
          null,
          1,
          null,
          1,
          null,
          null,
          null,
          null,
          null,
          null,
          null,
          null,
          null,
          null,
          null,
          null,
          null,
          1,
          null,
          3,
          1,
          1,
          null,
          null,
          2,
          null,
          2,
          null,
          2,
          null,
          2,
          2,
          4,
          2,
          null,
          0,
          0,
          null,
          null,
          null,
          null,
          null,
          null,
          1,
          3,
          3,
          3,
          3,
          6,
          3,
          null,
          null,
          null,
          null,
          1,
          0,
          0,
          0,
          0,
          null,
          null,
          1,
          null,
          1,
          12,
          null,
          null,
          1,
          null,
          10,
          10,
          10,
          null,
          null,
          1,
          null,
          null,
          2,
          2,
          2,
          null,
          null,
          1,
          null,
          6,
          6,
          null,
          null,
          1,
          null,
          5,
          null,
          null
        ]
      },
      "/Users/andrew/Documents/Researchly/researchly/app/models/assignment.rb": {
        "lines": [
          1,
          1,
          1,
          null
        ]
      },
      "/Users/andrew/Documents/Researchly/researchly/app/controllers/welcome_controller.rb": {
        "lines": [
          1,
          null,
          1,
          null,
          1,
          11,
          null,
          null,
          1,
          null,
          null
        ]
      },
      "/Users/andrew/Documents/Researchly/researchly/app/mailers/application_mailer.rb": {
        "lines": [
          0,
          0,
          0,
          0
        ],
        "branches": {
        }
      },
      "/Users/andrew/Documents/Researchly/researchly/app/jobs/application_job.rb": {
        "lines": [
          0,
          null,
          null,
          null,
          null,
          null,
          0
        ],
        "branches": {
        }
      },
      "/Users/andrew/Documents/Researchly/researchly/app/channels/application_cable/connection.rb": {
        "lines": [
          0,
          0,
          0,
          0
        ],
        "branches": {
        }
      },
      "/Users/andrew/Documents/Researchly/researchly/app/channels/application_cable/channel.rb": {
        "lines": [
          0,
          0,
          0,
          0
        ],
        "branches": {
        }
      }
    },
    "timestamp": 1618036630
  },
  "RSpec": {
    "coverage": {
      "/home/mwinitch/ASE/researchly/app/controllers/groups_controller.rb": {
        "lines": [
          1,
          1,
          null,
          null,
          1,
          2,
          null,
          null,
          null,
          1,
          2,
          null,
          2,
          null,
          2,
          0,
          null,
          null,
          2,
          0,
          null,
          null,
          2,
          2,
          null,
          null,
          null,
          1,
          2,
          null,
          null,
          null,
          1,
          null,
          1,
          0,
          0,
          null,
          0,
          0,
          null,
          null,
          1,
          null,
          0,
          0,
          0,
          0,
          0,
          0,
          null,
          0,
          0,
          0,
          0,
          0,
          0,
          null,
          0,
          null,
          null,
          null,
          null,
          1,
          0,
          0,
          0,
          null,
          0,
          0,
          0,
          null,
          null,
          null,
          1,
          0,
          0,
          0,
          0,
          null,
          null,
          null,
          null,
          1,
          0,
          0,
          0,
          null,
          null,
          null,
          0,
          null,
          0,
          0,
          null,
          0,
          0,
          0,
          0,
          null,
          0,
          0,
          0,
          null,
          0,
          0,
          null,
          null,
          null,
          null,
          null,
          null,
          1,
          0,
          0,
          0,
          0,
          0,
          0,
          null,
          0,
          0,
          0,
          0,
          null,
          null,
          1,
          0,
          null,
          null,
          null,
          null,
          null,
          null,
          null,
          null,
          null,
          null,
          1,
          null,
          1,
          2,
          null,
          null,
          null,
          null,
          1,
          0,
          null,
          null
        ]
      },
      "/home/mwinitch/ASE/researchly/app/controllers/application_controller.rb": {
        "lines": [
          1,
          1,
          0,
          null,
          null,
          1,
          null,
          1,
          null,
          1,
          0,
          0,
          0,
          null,
          null
        ]
      },
      "/home/mwinitch/ASE/researchly/spec/controllers/projects_controller_spec.rb": {
        "lines": [
          1,
          null,
          1,
          null,
          1,
          1,
          1,
          1,
          null,
          1,
          1,
          1,
          1,
          1,
          null,
          null,
          null,
          1,
          1,
          1,
          1,
          null,
          1,
          1,
          1,
          1,
          1,
          null,
          null,
          null,
          1,
          1,
          1,
          1,
          1,
          1,
          null,
          1,
          1,
          1,
          1,
          1,
          null,
          null,
          null,
          null
        ]
      },
      "/home/mwinitch/ASE/researchly/app/controllers/projects_controller.rb": {
        "lines": [
          1,
          1,
          null,
          null,
          1,
          2,
          null,
          null,
          null,
          1,
          2,
          2,
          2,
          0,
          null,
          2,
          null,
          null,
          null,
          2,
          2,
          null,
          0,
          0,
          0,
          0,
          0,
          null,
          2,
          null,
          null,
          null,
          1,
          2,
          null,
          null,
          null,
          1,
          null,
          null,
          null,
          1,
          0,
          0,
          0,
          null,
          null,
          0,
          null,
          0,
          0,
          0,
          0,
          null,
          0,
          0,
          null,
          null,
          null,
          null,
          null,
          1,
          0,
          0,
          0,
          null,
          null,
          0,
          0,
          0,
          0,
          null,
          null,
          null,
          null,
          1,
          0,
          0,
          0,
          0,
          null,
          null,
          null,
          1,
          null,
          1,
          2,
          null,
          null,
          null,
          1,
          0,
          null,
          null
        ]
      },
      "/home/mwinitch/ASE/researchly/spec/controllers/users_controller_spec.rb": {
        "lines": [
          1,
          null,
          1,
          null,
          1,
          1,
          11,
          11,
          null,
          11,
          null,
          null,
          null,
          1,
          1,
          1,
          1,
          null,
          null,
          null,
          1,
          1,
          1,
          1,
          null,
          null,
          1,
          1,
          1,
          null,
          null,
          null,
          null,
          1,
          1,
          1,
          1,
          null,
          null,
          1,
          1,
          1,
          null,
          null,
          1,
          1,
          1,
          1,
          1,
          null,
          null,
          null,
          1,
          1,
          1,
          1,
          null,
          null,
          1,
          1,
          1,
          1,
          null,
          null,
          null,
          null,
          1,
          1,
          2,
          null,
          null,
          1,
          0,
          null,
          null,
          1,
          1,
          1,
          1,
          null,
          null,
          1,
          1,
          1,
          1,
          1,
          null,
          null,
          1,
          1,
          1,
          1,
          null,
          null,
          null,
          null,
          null
        ]
      },
      "/home/mwinitch/ASE/researchly/app/controllers/users_controller.rb": {
        "lines": [
          1,
          1,
          1,
          null,
          1,
          1,
          null,
          null,
          null,
          1,
          1,
          1,
          1,
          1,
          1,
          null,
          null,
          1,
          4,
          3,
          null,
          1,
          null,
          null,
          null,
          null,
          null,
          null,
          null,
          null,
          null,
          1,
          2,
          1,
          null,
          null,
          null,
          null,
          null,
          null,
          null,
          null,
          null,
          null,
          null,
          null,
          null,
          null,
          null,
          null,
          null,
          null,
          null,
          1,
          4,
          null,
          4,
          6,
          3,
          null,
          2,
          1,
          null,
          null,
          null,
          null,
          null,
          null,
          null,
          null,
          null,
          null,
          null,
          null,
          null,
          1,
          null,
          1,
          11,
          null,
          null,
          null,
          1,
          4,
          null,
          null,
          1,
          11,
          10,
          null,
          1,
          null,
          null,
          null
        ]
      },
      "/home/mwinitch/ASE/researchly/spec/models/user_spec.rb": {
        "lines": [
          1,
          null,
          1,
          null,
          1,
          null,
          1,
          5,
          null,
          null,
          null,
          1,
          1,
          null,
          null,
          null,
          1,
          1,
          1,
          null,
          null,
          1,
          1,
          1,
          3,
          3,
          null,
          null,
          null,
          1,
          1,
          1,
          1,
          null,
          null,
          1,
          1,
          1,
          1,
          1,
          null,
          null,
          null,
          1,
          null,
          1,
          2,
          null,
          null,
          null,
          1,
          1,
          null,
          null,
          1,
          1,
          null,
          null,
          null,
          1,
          null,
          1,
          3,
          null,
          null,
          null,
          1,
          1,
          null,
          null,
          1,
          1,
          null,
          null,
          1,
          1,
          1,
          1,
          null,
          null,
          null,
          null,
          1,
          null,
          1,
          2,
          null,
          null,
          null,
          1,
          1,
          null,
          null,
          1,
          1,
          null,
          null,
          null,
          null,
          null
        ]
      },
      "/home/mwinitch/ASE/researchly/app/models/group.rb": {
        "lines": [
          1,
          1,
          1,
          1,
          null
        ]
      },
      "/home/mwinitch/ASE/researchly/app/models/project.rb": {
        "lines": [
          1,
          1,
          null,
          1,
          0,
          null,
          null,
          1,
          0,
          null,
          null,
          null
        ]
      },
      "/home/mwinitch/ASE/researchly/app/models/deliverable.rb": {
        "lines": [
          1,
          1,
          1,
          null,
          null,
          null
        ]
      },
      "/home/mwinitch/ASE/researchly/app/models/membership.rb": {
        "lines": [
          1,
          1,
          1,
          null
        ]
      }
    },
    "timestamp": 1617733782
  }
}
