{
  "Cucumber Features": {
    "coverage": {
      "/home/aaron/researchly/app/models/user.rb": {
        "lines": [
          1,
          null,
          null,
          1,
          null,
          1,
          1,
          1,
          null
        ]
      },
      "/home/aaron/researchly/app/models/application_record.rb": {
        "lines": [
          1,
          1,
          null
        ]
      },
      "/home/aaron/researchly/app/uploaders/avatar_uploader.rb": {
        "lines": [
          1,
          null,
          null,
          null,
          null,
          null,
          1,
          null,
          null,
          null,
          null,
          1,
          0,
          null,
          null,
          null,
          null,
          null,
          null,
          null,
          null,
          null,
          null,
          null,
          null,
          null,
          null,
          null,
          null,
          null,
          null,
          null,
          null,
          null,
          null,
          null,
          null,
          null,
          null,
          null,
          null,
          null,
          null,
          null,
          null,
          null,
          null,
          null,
          null,
          null,
          null
        ]
      },
      "/home/aaron/researchly/app/models/group.rb": {
        "lines": [
          1,
          1,
          null,
          1,
          1,
          1,
          null
        ]
      },
      "/home/aaron/researchly/app/models/membership.rb": {
        "lines": [
          1,
          null,
          1,
          1,
          null
        ]
      },
      "/home/aaron/researchly/app/models/project.rb": {
        "lines": [
          1,
          null,
          1,
          null,
          null,
          1,
          null,
          1,
          1,
          null,
          null,
          1,
          1,
          null,
          null,
          null
        ]
      },
      "/home/aaron/researchly/app/models/deliverable.rb": {
        "lines": [
          1,
          1,
          null,
          null,
          1,
          1,
          null,
          null,
          null
        ]
      },
      "/home/aaron/researchly/app/controllers/users_controller.rb": {
        "lines": [
          1,
          1,
          1,
          null,
          1,
          0,
          null,
          null,
          null,
          1,
          53,
          53,
          53,
          53,
          53,
          53,
          53,
          41,
          null,
          53,
          53,
          53,
          2,
          2,
          null,
          53,
          null,
          null,
          1,
          0,
          0,
          null,
          0,
          null,
          null,
          null,
          null,
          null,
          null,
          null,
          null,
          null,
          1,
          0,
          0,
          null,
          null,
          null,
          null,
          null,
          null,
          null,
          null,
          null,
          null,
          null,
          null,
          null,
          null,
          null,
          null,
          null,
          null,
          null,
          1,
          0,
          null,
          0,
          0,
          0,
          null,
          0,
          0,
          null,
          null,
          null,
          null,
          null,
          null,
          null,
          null,
          null,
          null,
          null,
          null,
          null,
          1,
          null,
          1,
          53,
          null,
          null,
          null,
          1,
          0,
          null,
          null,
          1,
          53,
          26,
          null,
          27,
          null,
          null,
          null
        ]
      },
      "/home/aaron/researchly/app/controllers/application_controller.rb": {
        "lines": [
          1,
          1,
          null,
          1,
          21,
          null,
          null,
          1,
          null,
          1,
          null,
          1,
          60,
          60,
          60,
          null,
          null,
          null
        ]
      },
      "/home/aaron/researchly/app/helpers/application_helper.rb": {
        "lines": [
          1,
          null
        ]
      },
      "/home/aaron/researchly/app/helpers/activities_helper.rb": {
        "lines": [
          1,
          null
        ]
      },
      "/home/aaron/researchly/app/helpers/deliverables_helper.rb": {
        "lines": [
          1,
          1,
          7,
          9,
          2,
          null,
          2,
          2,
          2,
          2,
          2,
          null,
          null,
          null,
          null,
          1,
          2,
          0,
          null,
          null,
          null
        ]
      },
      "/home/aaron/researchly/app/helpers/groups_helper.rb": {
        "lines": [
          1,
          null
        ]
      },
      "/home/aaron/researchly/app/helpers/projects_helper.rb": {
        "lines": [
          1,
          null
        ]
      },
      "/home/aaron/researchly/app/helpers/users_helper.rb": {
        "lines": [
          1,
          null
        ]
      },
      "/home/aaron/researchly/app/helpers/welcome_helper.rb": {
        "lines": [
          1,
          null
        ]
      },
      "/home/aaron/researchly/app/models/assignment.rb": {
        "lines": [
          1,
          1,
          1,
          null
        ]
      },
      "/home/aaron/researchly/app/controllers/groups_controller.rb": {
        "lines": [
          1,
          1,
          null,
          null,
          1,
          23,
          null,
          null,
          null,
          1,
          79,
          79,
          79,
          79,
          null,
          79,
          1,
          null,
          null,
          79,
          1,
          null,
          null,
          79,
          79,
          79,
          null,
          null,
          null,
          1,
          4,
          null,
          null,
          null,
          1,
          null,
          1,
          9,
          1,
          null,
          8,
          8,
          null,
          null,
          1,
          null,
          7,
          7,
          7,
          1,
          6,
          1,
          null,
          5,
          5,
          4,
          4,
          4,
          4,
          4,
          null,
          1,
          1,
          1,
          1,
          1,
          1,
          null,
          null,
          null,
          null,
          null,
          1,
          1,
          1,
          1,
          1,
          1,
          1,
          1,
          1,
          0,
          0,
          null,
          null,
          null,
          null,
          1,
          1,
          1,
          2,
          1,
          null,
          null,
          null,
          null,
          1,
          2,
          1,
          1,
          null,
          null,
          null,
          1,
          1,
          1,
          1,
          null,
          1,
          9,
          1,
          null,
          1,
          2,
          1,
          null,
          0,
          0,
          null,
          null,
          null,
          null,
          null,
          1,
          4,
          1,
          1,
          3,
          1,
          1,
          null,
          2,
          2,
          2,
          2,
          null,
          null,
          1,
          3,
          3,
          3,
          2,
          2,
          2,
          null,
          1,
          1,
          null,
          null,
          1,
          0,
          null,
          null,
          null,
          null,
          null,
          null,
          null,
          null,
          null,
          null,
          1,
          null,
          1,
          90,
          null,
          null,
          null,
          null,
          1,
          3,
          null,
          null,
          1,
          485,
          null,
          null
        ]
      },
      "/home/aaron/researchly/app/controllers/projects_controller.rb": {
        "lines": [
          1,
          1,
          null,
          null,
          1,
          0,
          null,
          null,
          null,
          1,
          41,
          41,
          41,
          1,
          40,
          1,
          null,
          39,
          null,
          null,
          null,
          41,
          17,
          null,
          24,
          24,
          24,
          24,
          24,
          null,
          41,
          null,
          null,
          null,
          1,
          5,
          null,
          null,
          null,
          1,
          null,
          null,
          null,
          1,
          3,
          1,
          1,
          null,
          null,
          2,
          null,
          2,
          2,
          4,
          2,
          null,
          0,
          0,
          null,
          null,
          2,
          null,
          null,
          null,
          1,
          5,
          1,
          1,
          null,
          4,
          4,
          4,
          4,
          4,
          4,
          null,
          5,
          null,
          null,
          null,
          1,
          2,
          2,
          2,
          4,
          2,
          null,
          null,
          null,
          1,
          null,
          1,
          55,
          null,
          null,
          null,
          1,
          10,
          null,
          null,
          1,
          9,
          null,
          null,
          1,
          221,
          null,
          null,
          null
        ]
      },
      "/home/aaron/researchly/app/controllers/deliverables_controller.rb": {
        "lines": [
          1,
          1,
          1,
          1,
          1,
          null,
          1,
          0,
          null,
          null,
          null,
          1,
          null,
          null,
          null,
          null,
          null,
          null,
          4,
          4,
          null,
          null,
          null,
          1,
          3,
          null,
          null,
          null,
          null,
          1,
          6,
          null,
          null,
          null,
          1,
          3,
          3,
          3,
          3,
          3,
          3,
          3,
          3,
          3,
          null,
          3,
          null,
          null,
          3,
          3,
          null,
          null,
          null,
          null,
          null,
          null,
          null,
          null,
          null,
          null,
          null,
          null,
          null,
          1,
          5,
          1,
          1,
          null,
          null,
          4,
          null,
          4,
          null,
          4,
          null,
          4,
          4,
          null,
          4,
          4,
          null,
          4,
          2,
          2,
          null,
          null,
          4,
          8,
          4,
          null,
          0,
          0,
          null,
          4,
          null,
          null,
          null,
          null,
          null,
          1,
          4,
          4,
          4,
          null,
          null,
          4,
          4,
          8,
          4,
          null,
          null,
          null,
          null,
          1,
          0,
          0,
          0,
          0,
          0,
          null,
          null,
          1,
          null,
          1,
          19,
          null,
          null,
          1,
          null,
          15,
          15,
          15,
          null,
          null,
          1,
          null,
          null,
          6,
          6,
          6,
          null,
          null,
          1,
          null,
          10,
          10,
          null,
          null,
          1,
          null,
          10,
          null,
          null,
          1,
          11,
          null,
          null,
          1,
          63,
          null,
          null,
          null
        ]
      },
      "/home/aaron/researchly/app/controllers/activities_controller.rb": {
        "lines": [
          1,
          1,
          9,
          9,
          null,
          null,
          null
        ]
      },
      "/home/aaron/researchly/app/controllers/welcome_controller.rb": {
        "lines": [
          1,
          null,
          1,
          null,
          1,
          11,
          null,
          null,
          1,
          null,
          null
        ]
      },
      "/home/aaron/researchly/app/channels/application_cable/channel.rb": {
        "lines": [
          0,
          0,
          0,
          0
        ],
        "branches": {
        }
      },
      "/home/aaron/researchly/app/channels/application_cable/connection.rb": {
        "lines": [
          0,
          0,
          0,
          0
        ],
        "branches": {
        }
      },
      "/home/aaron/researchly/app/jobs/application_job.rb": {
        "lines": [
          0,
          null,
          null,
          null,
          null,
          null,
          0
        ],
        "branches": {
        }
      },
      "/home/aaron/researchly/app/mailers/application_mailer.rb": {
        "lines": [
          0,
          0,
          0,
          0
        ],
        "branches": {
        }
      },
      "/home/aaron/researchly/app/mailers/deliverable_mailer.rb": {
        "lines": [
          0,
          0,
          null,
          0,
          0,
          0,
          null,
          0,
          0,
          0
        ],
        "branches": {
        }
      }
    },
    "timestamp": 1618793262
  },
  "RSpec": {
    "coverage": {
      "/home/aaron/researchly/app/controllers/activities_controller.rb": {
        "lines": [
          1,
          1,
          2,
          2,
          null,
          null,
          null
        ]
      },
      "/home/aaron/researchly/app/controllers/application_controller.rb": {
        "lines": [
          1,
          1,
          null,
          1,
          0,
          null,
          null,
          1,
          null,
          1,
          null,
          1,
          0,
          0,
          0,
          null,
          null,
          null
        ]
      },
      "/home/aaron/researchly/spec/controllers/groups_controller_spec.rb": {
        "lines": [
          1,
          null,
          1,
          null,
          1,
          1,
          0,
          0,
          null,
          null,
          null,
          1,
          1,
          1,
          1,
          null,
          1,
          1,
          1,
          1,
          null,
          null,
          1,
          1,
          1,
          1,
          null,
          1,
          1,
          1,
          1,
          null,
          null,
          1,
          1,
          1,
          1,
          1,
          null,
          1,
          1,
          1,
          1,
          null,
          null,
          null
        ]
      },
      "/home/aaron/researchly/app/controllers/groups_controller.rb": {
        "lines": [
          1,
          1,
          null,
          null,
          1,
          2,
          null,
          null,
          null,
          1,
          2,
          2,
          2,
          2,
          null,
          2,
          0,
          null,
          null,
          2,
          0,
          null,
          null,
          2,
          2,
          2,
          null,
          null,
          null,
          1,
          2,
          null,
          null,
          null,
          1,
          null,
          1,
          0,
          0,
          null,
          0,
          0,
          null,
          null,
          1,
          null,
          0,
          0,
          0,
          0,
          0,
          0,
          null,
          0,
          0,
          0,
          0,
          0,
          0,
          0,
          null,
          0,
          0,
          0,
          0,
          0,
          0,
          null,
          null,
          null,
          null,
          null,
          1,
          0,
          0,
          0,
          0,
          0,
          0,
          0,
          0,
          0,
          0,
          null,
          null,
          null,
          null,
          1,
          0,
          0,
          0,
          0,
          null,
          null,
          null,
          null,
          1,
          0,
          0,
          0,
          null,
          null,
          null,
          0,
          0,
          0,
          0,
          null,
          0,
          0,
          0,
          null,
          0,
          0,
          0,
          null,
          0,
          0,
          null,
          null,
          null,
          null,
          null,
          1,
          0,
          0,
          0,
          0,
          0,
          0,
          null,
          0,
          0,
          0,
          0,
          null,
          null,
          1,
          0,
          0,
          0,
          0,
          0,
          0,
          null,
          0,
          0,
          null,
          null,
          1,
          0,
          null,
          null,
          null,
          null,
          null,
          null,
          null,
          null,
          null,
          null,
          1,
          null,
          1,
          2,
          null,
          null,
          null,
          null,
          1,
          0,
          null,
          null,
          1,
          0,
          null,
          null
        ]
      },
      "/home/aaron/researchly/spec/controllers/projects_controller_spec.rb": {
        "lines": [
          1,
          null,
          1,
          null,
          1,
          1,
          1,
          1,
          null,
          1,
          1,
          1,
          1,
          1,
          null,
          null,
          null,
          1,
          1,
          1,
          1,
          null,
          1,
          1,
          1,
          1,
          1,
          null,
          null,
          null,
          1,
          1,
          1,
          1,
          1,
          1,
          null,
          1,
          1,
          1,
          1,
          1,
          null,
          null,
          null,
          null
        ]
      },
      "/home/aaron/researchly/app/controllers/projects_controller.rb": {
        "lines": [
          1,
          1,
          null,
          null,
          1,
          2,
          null,
          null,
          null,
          1,
          2,
          2,
          2,
          0,
          2,
          0,
          null,
          2,
          null,
          null,
          null,
          2,
          2,
          null,
          0,
          0,
          0,
          0,
          0,
          null,
          2,
          null,
          null,
          null,
          1,
          2,
          null,
          null,
          null,
          1,
          null,
          null,
          null,
          1,
          0,
          0,
          0,
          null,
          null,
          0,
          null,
          0,
          0,
          0,
          0,
          null,
          0,
          0,
          null,
          null,
          0,
          null,
          null,
          null,
          1,
          0,
          0,
          0,
          null,
          0,
          0,
          0,
          0,
          0,
          0,
          null,
          0,
          null,
          null,
          null,
          1,
          0,
          0,
          0,
          0,
          0,
          null,
          null,
          null,
          1,
          null,
          1,
          2,
          null,
          null,
          null,
          1,
          0,
          null,
          null,
          1,
          0,
          null,
          null,
          1,
          0,
          null,
          null,
          null
        ]
      },
      "/home/aaron/researchly/spec/controllers/users_controller_spec.rb": {
        "lines": [
          1,
          null,
          1,
          null,
          1,
          1,
          11,
          11,
          null,
          11,
          null,
          null,
          null,
          1,
          1,
          1,
          1,
          null,
          null,
          null,
          1,
          1,
          1,
          1,
          null,
          null,
          1,
          1,
          1,
          null,
          null,
          null,
          null,
          1,
          1,
          1,
          1,
          null,
          null,
          1,
          1,
          1,
          null,
          null,
          1,
          1,
          1,
          1,
          1,
          null,
          null,
          null,
          1,
          1,
          1,
          1,
          null,
          null,
          1,
          1,
          1,
          1,
          null,
          null,
          null,
          null,
          1,
          1,
          2,
          null,
          null,
          1,
          0,
          null,
          null,
          1,
          1,
          1,
          1,
          null,
          null,
          1,
          1,
          1,
          1,
          1,
          null,
          null,
          1,
          1,
          1,
          1,
          null,
          null,
          null,
          null,
          null
        ]
      },
      "/home/aaron/researchly/app/controllers/users_controller.rb": {
        "lines": [
          1,
          1,
          1,
          null,
          1,
          1,
          null,
          null,
          null,
          1,
          1,
          1,
          1,
          1,
          1,
          1,
          1,
          0,
          null,
          1,
          1,
          1,
          0,
          0,
          null,
          1,
          null,
          null,
          1,
          4,
          3,
          null,
          1,
          null,
          null,
          null,
          null,
          null,
          null,
          null,
          null,
          null,
          1,
          2,
          1,
          null,
          null,
          null,
          null,
          null,
          null,
          null,
          null,
          null,
          null,
          null,
          null,
          null,
          null,
          null,
          null,
          null,
          null,
          null,
          1,
          4,
          null,
          4,
          6,
          3,
          null,
          2,
          1,
          null,
          null,
          null,
          null,
          null,
          null,
          null,
          null,
          null,
          null,
          null,
          null,
          null,
          1,
          null,
          1,
          11,
          null,
          null,
          null,
          1,
          4,
          null,
          null,
          1,
          11,
          10,
          null,
          1,
          null,
          null,
          null
        ]
      },
      "/home/aaron/researchly/spec/mailers/deliverable_mailer_spec.rb": {
        "lines": [
          1,
          null,
          1,
          1,
          1,
          1,
          1,
          1,
          3,
          null,
          1,
          1,
          1,
          1,
          null,
          null,
          1,
          1,
          null,
          null,
          null,
          null
        ]
      },
      "/home/aaron/researchly/app/mailers/deliverable_mailer.rb": {
        "lines": [
          1,
          1,
          null,
          1,
          2,
          2,
          null,
          2,
          null,
          null
        ]
      },
      "/home/aaron/researchly/app/mailers/application_mailer.rb": {
        "lines": [
          1,
          1,
          1,
          null
        ]
      },
      "/home/aaron/researchly/app/models/group.rb": {
        "lines": [
          1,
          1,
          null,
          1,
          1,
          1,
          null
        ]
      },
      "/home/aaron/researchly/app/models/project.rb": {
        "lines": [
          1,
          null,
          1,
          null,
          null,
          1,
          null,
          1,
          0,
          null,
          null,
          1,
          0,
          null,
          null,
          null
        ]
      },
      "/home/aaron/researchly/app/models/deliverable.rb": {
        "lines": [
          1,
          1,
          null,
          null,
          1,
          1,
          null,
          null,
          null
        ]
      },
      "/home/aaron/researchly/spec/models/user_spec.rb": {
        "lines": [
          1,
          null,
          1,
          null,
          1,
          null,
          1,
          5,
          null,
          null,
          null,
          1,
          1,
          null,
          null,
          null,
          1,
          1,
          1,
          null,
          null,
          1,
          1,
          1,
          3,
          3,
          null,
          null,
          null,
          1,
          1,
          1,
          1,
          null,
          null,
          1,
          1,
          1,
          1,
          1,
          null,
          null,
          null,
          1,
          null,
          1,
          2,
          null,
          null,
          null,
          1,
          1,
          null,
          null,
          1,
          1,
          null,
          null,
          null,
          1,
          null,
          1,
          3,
          null,
          null,
          null,
          1,
          1,
          null,
          null,
          1,
          1,
          null,
          null,
          1,
          1,
          1,
          1,
          null,
          null,
          null,
          null,
          1,
          null,
          1,
          2,
          null,
          null,
          null,
          1,
          1,
          null,
          null,
          1,
          1,
          null,
          null,
          null,
          null,
          null
        ]
      },
      "/home/aaron/researchly/app/models/membership.rb": {
        "lines": [
          1,
          null,
          1,
          1,
          null
        ]
      },
      "/home/aaron/researchly/app/models/assignment.rb": {
        "lines": [
          1,
          1,
          1,
          null
        ]
      }
    },
    "timestamp": 1618793268
  }
}
